Build started 12/2/2015 6:11:53 PM.
     1>Project "D:\VBproj\learning1\learning1\learning1.vcxproj" on node 2 (build target(s)).
     1>InitializeBuildStatus:
         Creating "Debug\learning1.unsuccessfulbuild" because "AlwaysCreate" was specified.
       ClCompile:
         C:\Program Files (x86)\Microsoft Visual Studio 10.0\VC\bin\CL.exe /c /ZI /nologo /W3 /WX- /Od /Oy- /D WIN32 /D _DEBUG /D _CONSOLE /D _UNICODE /D UNICODE /Gm /EHsc /RTC1 /MDd /GS /fp:precise /Zc:wchar_t /Zc:forScope /Fo"Debug\\" /Fd"Debug\vc100.pdb" /Gd /TP /analyze- /errorReport:prompt helloWorld.cpp
         helloWorld.cpp
       ManifestResourceCompile:
         All outputs are up-to-date.
       Link:
         C:\Program Files (x86)\Microsoft Visual Studio 10.0\VC\bin\link.exe /ERRORREPORT:PROMPT /OUT:"D:\VBproj\learning1\Debug\learning1.exe" /INCREMENTAL /NOLOGO kernel32.lib user32.lib gdi32.lib winspool.lib comdlg32.lib advapi32.lib shell32.lib ole32.lib oleaut32.lib uuid.lib odbc32.lib odbccp32.lib /MANIFEST /ManifestFile:"Debug\learning1.exe.intermediate.manifest" /MANIFESTUAC:"level='asInvoker' uiAccess='false'" /DEBUG /PDB:"D:\VBproj\learning1\Debug\learning1.pdb" /SUBSYSTEM:CONSOLE /TLBID:1 /DYNAMICBASE /NXCOMPAT /IMPLIB:"D:\VBproj\learning1\Debug\learning1.lib" /MACHINE:X86 Debug\learning1.exe.embed.manifest.res
         Debug\helloWorld.obj
       Manifest:
         C:\Program Files (x86)\Microsoft SDKs\Windows\v7.0A\bin\mt.exe /nologo /verbose /out:"Debug\learning1.exe.embed.manifest" /manifest Debug\learning1.exe.intermediate.manifest
         All outputs are up-to-date.
       LinkEmbedManifest:
         All outputs are up-to-date.
         learning1.vcxproj -> D:\VBproj\learning1\Debug\learning1.exe
       FinalizeBuildStatus:
         Deleting file "Debug\learning1.unsuccessfulbuild".
         Touching "Debug\learning1.lastbuildstate".
     1>Done Building Project "D:\VBproj\learning1\learning1\learning1.vcxproj" (build target(s)).

Build succeeded.

Time Elapsed 00:00:00.64
